<?xml version="1.0" encoding="UTF-8"?>
<testng-results ignored="0" total="1" passed="1" failed="0" skipped="0">
  <reporter-output>
  </reporter-output>
  <suite started-at="2023-08-31T02:03:29 BDT" name="Default suite" finished-at="2023-08-31T02:03:32 BDT" duration-ms="2378">
    <groups>
    </groups>
    <test started-at="2023-08-31T02:03:29 BDT" name="Default test" finished-at="2023-08-31T02:03:32 BDT" duration-ms="2378">
      <class name="TC01_GET_Request">
        <test-method signature="getweatherDetails()[pri:0, instance:TC01_GET_Request@4a94ee4]" started-at="2023-08-31T02:03:29 BDT" name="getweatherDetails" finished-at="2023-08-31T02:03:32 BDT" duration-ms="2331" status="PASS">
          <reporter-output>
          </reporter-output>
        </test-method> <!-- getweatherDetails -->
      </class> <!-- TC01_GET_Request -->
    </test> <!-- Default test -->
  </suite> <!-- Default suite -->
</testng-results>
